android/app/build/intermediates/manifest_merge_blame_file/debug/manifest-merger-blame-debug-report.txt
1<?xml version="1.0" encoding="utf-8"?>
2<manifest xmlns:android="http://schemas.android.com/apk/res/android"
3    package="com.person_tournament"
4    android:versionCode="1"
5    android:versionName="1.0" >
6
7    <uses-sdk
8        android:minSdkVersion="21"
9        android:targetSdkVersion="30" />
10
11    <uses-permission android:name="android.permission.SYSTEM_ALERT_WINDOW" />
11-->src/debug/AndroidManifest.xml:5:5-77
11-->src/debug/AndroidManifest.xml:5:22-75
12    <uses-permission android:name="android.permission.INTERNET" />
12-->src/main/AndroidManifest.xml:4:5-67
12-->src/main/AndroidManifest.xml:4:22-64
13    <uses-permission android:name="android.permission.ACCESS_WIFI_STATE" />
13-->[com.facebook.flipper:flipper:0.99.0] AndroidManifest.xml:16:5-76
13-->[com.facebook.flipper:flipper:0.99.0] AndroidManifest.xml:16:22-73
14    <uses-permission android:name="android.permission.ACCESS_NETWORK_STATE" />
14-->[:react-native-community_netinfo] AndroidManifest.xml:9:5-79
14-->[:react-native-community_netinfo] AndroidManifest.xml:9:22-76
15    <uses-permission android:name="android.permission.WAKE_LOCK" /> <!-- Required by older versions of Google Play services to create IID tokens -->
15-->[:react-native-firebase_messaging] AndroidManifest.xml:10:5-68
15-->[:react-native-firebase_messaging] AndroidManifest.xml:10:22-65
16    <uses-permission android:name="com.google.android.c2dm.permission.RECEIVE" />
16-->[com.google.firebase:firebase-messaging:23.0.0] AndroidManifest.xml:25:5-82
16-->[com.google.firebase:firebase-messaging:23.0.0] AndroidManifest.xml:25:22-79
17    <uses-permission android:name="com.google.android.finsky.permission.BIND_GET_INSTALL_REFERRER_SERVICE" />
17-->[com.android.installreferrer:installreferrer:1.1.2] AndroidManifest.xml:9:5-110
17-->[com.android.installreferrer:installreferrer:1.1.2] AndroidManifest.xml:9:22-107
18
19    <application
19-->src/main/AndroidManifest.xml:6:5-24:19
20        android:name="com.person_tournament.MainApplication"
20-->src/main/AndroidManifest.xml:7:7-38
21        android:allowBackup="false"
21-->src/main/AndroidManifest.xml:11:7-34
22        android:appComponentFactory="androidx.core.app.CoreComponentFactory"
22-->[androidx.core:core:1.6.0] AndroidManifest.xml:24:18-86
23        android:debuggable="true"
24        android:icon="@mipmap/ic_launcher"
24-->src/main/AndroidManifest.xml:9:7-41
25        android:label="@string/app_name"
25-->src/main/AndroidManifest.xml:8:7-39
26        android:roundIcon="@mipmap/ic_launcher_round"
26-->src/main/AndroidManifest.xml:10:7-52
27        android:theme="@style/AppTheme"
27-->src/main/AndroidManifest.xml:12:7-38
28        android:usesCleartextTraffic="true" >
28-->src/debug/AndroidManifest.xml:8:9-44
29        <activity android:name="com.facebook.react.devsupport.DevSettingsActivity" />
29-->src/debug/AndroidManifest.xml:11:9-86
29-->src/debug/AndroidManifest.xml:11:19-83
30        <activity
30-->src/main/AndroidManifest.xml:13:7-23:18
31            android:name="com.person_tournament.MainActivity"
31-->src/main/AndroidManifest.xml:14:9-37
32            android:configChanges="keyboard|keyboardHidden|orientation|screenSize|uiMode"
32-->src/main/AndroidManifest.xml:16:9-86
33            android:label="@string/app_name"
33-->src/main/AndroidManifest.xml:15:9-41
34            android:launchMode="singleTask"
34-->src/main/AndroidManifest.xml:17:9-40
35            android:windowSoftInputMode="adjustResize" >
35-->src/main/AndroidManifest.xml:18:9-51
36            <intent-filter>
36-->src/main/AndroidManifest.xml:19:9-22:25
37                <action android:name="android.intent.action.MAIN" />
37-->src/main/AndroidManifest.xml:20:13-65
37-->src/main/AndroidManifest.xml:20:21-62
38
39                <category android:name="android.intent.category.LAUNCHER" />
39-->src/main/AndroidManifest.xml:21:13-73
39-->src/main/AndroidManifest.xml:21:23-70
40            </intent-filter>
41        </activity>
42
43        <service android:name="io.invertase.firebase.messaging.ReactNativeFirebaseMessagingHeadlessService" />
43-->[:react-native-firebase_messaging] AndroidManifest.xml:14:9-111
43-->[:react-native-firebase_messaging] AndroidManifest.xml:14:18-108
44        <service
44-->[:react-native-firebase_messaging] AndroidManifest.xml:15:9-21:19
45            android:name="io.invertase.firebase.messaging.ReactNativeFirebaseMessagingService"
45-->[:react-native-firebase_messaging] AndroidManifest.xml:16:13-95
46            android:exported="false" >
46-->[:react-native-firebase_messaging] AndroidManifest.xml:17:13-37
47            <intent-filter>
47-->[:react-native-firebase_messaging] AndroidManifest.xml:18:13-20:29
48                <action android:name="com.google.firebase.MESSAGING_EVENT" />
48-->[:react-native-firebase_messaging] AndroidManifest.xml:19:17-78
48-->[:react-native-firebase_messaging] AndroidManifest.xml:19:25-75
49            </intent-filter>
50        </service>
51
52        <receiver
52-->[:react-native-firebase_messaging] AndroidManifest.xml:23:9-30:20
53            android:name="io.invertase.firebase.messaging.ReactNativeFirebaseMessagingReceiver"
53-->[:react-native-firebase_messaging] AndroidManifest.xml:24:13-96
54            android:exported="true"
54-->[:react-native-firebase_messaging] AndroidManifest.xml:25:13-36
55            android:permission="com.google.android.c2dm.permission.SEND" >
55-->[:react-native-firebase_messaging] AndroidManifest.xml:26:13-73
56            <intent-filter>
56-->[:react-native-firebase_messaging] AndroidManifest.xml:27:13-29:29
57                <action android:name="com.google.android.c2dm.intent.RECEIVE" />
57-->[:react-native-firebase_messaging] AndroidManifest.xml:28:17-81
57-->[:react-native-firebase_messaging] AndroidManifest.xml:28:25-78
58            </intent-filter>
59        </receiver>
60
61        <meta-data
61-->[:react-native-firebase_messaging] AndroidManifest.xml:32:9-34:36
62            android:name="firebase_messaging_auto_init_enabled"
62-->[:react-native-firebase_messaging] AndroidManifest.xml:33:13-64
63            android:value="true" />
63-->[:react-native-firebase_messaging] AndroidManifest.xml:34:13-33
64        <meta-data
64-->[:react-native-firebase_messaging] AndroidManifest.xml:35:9-37:32
65            android:name="com.google.firebase.messaging.default_notification_channel_id"
65-->[:react-native-firebase_messaging] AndroidManifest.xml:36:13-89
66            android:value="" />
66-->[:react-native-firebase_messaging] AndroidManifest.xml:37:13-29
67        <meta-data
67-->[:react-native-firebase_messaging] AndroidManifest.xml:38:9-40:47
68            android:name="com.google.firebase.messaging.default_notification_color"
68-->[:react-native-firebase_messaging] AndroidManifest.xml:39:13-84
69            android:resource="@color/white" />
69-->[:react-native-firebase_messaging] AndroidManifest.xml:40:13-44
70        <meta-data
70-->[:react-native-firebase_app] AndroidManifest.xml:10:9-12:36
71            android:name="app_data_collection_default_enabled"
71-->[:react-native-firebase_app] AndroidManifest.xml:11:13-63
72            android:value="true" />
72-->[:react-native-firebase_app] AndroidManifest.xml:12:13-33
73
74        <service
74-->[:react-native-firebase_app] AndroidManifest.xml:14:9-18:19
75            android:name="com.google.firebase.components.ComponentDiscoveryService"
75-->[:react-native-firebase_app] AndroidManifest.xml:14:18-89
76            android:directBootAware="true"
76-->[com.google.firebase:firebase-common:20.0.0] AndroidManifest.xml:35:13-43
77            android:exported="false" >
77-->[com.google.firebase:firebase-messaging:23.0.0] AndroidManifest.xml:51:13-37
78            <meta-data
78-->[:react-native-firebase_app] AndroidManifest.xml:15:13-17:85
79                android:name="com.google.firebase.components:io.invertase.firebase.app.ReactNativeFirebaseAppRegistrar"
79-->[:react-native-firebase_app] AndroidManifest.xml:16:17-120
80                android:value="com.google.firebase.components.ComponentRegistrar" />
80-->[:react-native-firebase_app] AndroidManifest.xml:17:17-82
81            <meta-data
81-->[com.google.firebase:firebase-messaging:23.0.0] AndroidManifest.xml:52:13-54:85
82                android:name="com.google.firebase.components:com.google.firebase.messaging.FirebaseMessagingRegistrar"
82-->[com.google.firebase:firebase-messaging:23.0.0] AndroidManifest.xml:53:17-119
83                android:value="com.google.firebase.components.ComponentRegistrar" />
83-->[com.google.firebase:firebase-messaging:23.0.0] AndroidManifest.xml:54:17-82
84            <meta-data
84-->[com.google.firebase:firebase-datatransport:18.0.0] AndroidManifest.xml:28:13-30:85
85                android:name="com.google.firebase.components:com.google.firebase.datatransport.TransportRegistrar"
85-->[com.google.firebase:firebase-datatransport:18.0.0] AndroidManifest.xml:29:17-115
86                android:value="com.google.firebase.components.ComponentRegistrar" />
86-->[com.google.firebase:firebase-datatransport:18.0.0] AndroidManifest.xml:30:17-82
87            <meta-data
87-->[com.google.firebase:firebase-installations:17.0.0] AndroidManifest.xml:18:13-20:85
88                android:name="com.google.firebase.components:com.google.firebase.installations.FirebaseInstallationsRegistrar"
88-->[com.google.firebase:firebase-installations:17.0.0] AndroidManifest.xml:19:17-127
89                android:value="com.google.firebase.components.ComponentRegistrar" />
89-->[com.google.firebase:firebase-installations:17.0.0] AndroidManifest.xml:20:17-82
90        </service>
91
92        <provider
92-->[:react-native-firebase_app] AndroidManifest.xml:20:9-24:38
93            android:name="io.invertase.firebase.app.ReactNativeFirebaseAppInitProvider"
93-->[:react-native-firebase_app] AndroidManifest.xml:21:13-88
94            android:authorities="com.person_tournament.reactnativefirebaseappinitprovider"
94-->[:react-native-firebase_app] AndroidManifest.xml:22:13-86
95            android:exported="false"
95-->[:react-native-firebase_app] AndroidManifest.xml:23:13-37
96            android:initOrder="99" />
96-->[:react-native-firebase_app] AndroidManifest.xml:24:13-35
97        <provider
97-->[:react-native-webview] AndroidManifest.xml:10:9-18:20
98            android:name="com.reactnativecommunity.webview.RNCWebViewFileProvider"
98-->[:react-native-webview] AndroidManifest.xml:11:13-83
99            android:authorities="com.person_tournament.fileprovider"
99-->[:react-native-webview] AndroidManifest.xml:12:13-64
100            android:exported="false"
100-->[:react-native-webview] AndroidManifest.xml:13:13-37
101            android:grantUriPermissions="true" >
101-->[:react-native-webview] AndroidManifest.xml:14:13-47
102            <meta-data
102-->[:react-native-webview] AndroidManifest.xml:15:13-17:63
103                android:name="android.support.FILE_PROVIDER_PATHS"
103-->[:react-native-webview] AndroidManifest.xml:16:17-67
104                android:resource="@xml/file_provider_paths" />
104-->[:react-native-webview] AndroidManifest.xml:17:17-60
105        </provider>
106
107        <receiver
107-->[com.google.firebase:firebase-messaging:23.0.0] AndroidManifest.xml:28:9-35:20
108            android:name="com.google.firebase.iid.FirebaseInstanceIdReceiver"
108-->[com.google.firebase:firebase-messaging:23.0.0] AndroidManifest.xml:29:13-78
109            android:exported="true"
109-->[com.google.firebase:firebase-messaging:23.0.0] AndroidManifest.xml:30:13-36
110            android:permission="com.google.android.c2dm.permission.SEND" >
110-->[com.google.firebase:firebase-messaging:23.0.0] AndroidManifest.xml:31:13-73
111            <intent-filter>
111-->[:react-native-firebase_messaging] AndroidManifest.xml:27:13-29:29
112                <action android:name="com.google.android.c2dm.intent.RECEIVE" />
112-->[:react-native-firebase_messaging] AndroidManifest.xml:28:17-81
112-->[:react-native-firebase_messaging] AndroidManifest.xml:28:25-78
113            </intent-filter>
114        </receiver>
115        <!--
116             FirebaseMessagingService performs security checks at runtime,
117             but set to not exported to explicitly avoid allowing another app to call it.
118        -->
119        <service
119-->[com.google.firebase:firebase-messaging:23.0.0] AndroidManifest.xml:41:9-48:19
120            android:name="com.google.firebase.messaging.FirebaseMessagingService"
120-->[com.google.firebase:firebase-messaging:23.0.0] AndroidManifest.xml:42:13-82
121            android:directBootAware="true"
121-->[com.google.firebase:firebase-messaging:23.0.0] AndroidManifest.xml:43:13-43
122            android:exported="false" >
122-->[com.google.firebase:firebase-messaging:23.0.0] AndroidManifest.xml:44:13-37
123            <intent-filter android:priority="-500" >
123-->[:react-native-firebase_messaging] AndroidManifest.xml:18:13-20:29
124                <action android:name="com.google.firebase.MESSAGING_EVENT" />
124-->[:react-native-firebase_messaging] AndroidManifest.xml:19:17-78
124-->[:react-native-firebase_messaging] AndroidManifest.xml:19:25-75
125            </intent-filter>
126        </service>
127        <service
127-->[com.google.android.datatransport:transport-backend-cct:3.0.0] AndroidManifest.xml:29:9-35:19
128            android:name="com.google.android.datatransport.runtime.backends.TransportBackendDiscovery"
128-->[com.google.android.datatransport:transport-backend-cct:3.0.0] AndroidManifest.xml:30:13-103
129            android:exported="false" >
129-->[com.google.android.datatransport:transport-backend-cct:3.0.0] AndroidManifest.xml:31:13-37
130            <meta-data
130-->[com.google.android.datatransport:transport-backend-cct:3.0.0] AndroidManifest.xml:32:13-34:39
131                android:name="backend:com.google.android.datatransport.cct.CctBackendFactory"
131-->[com.google.android.datatransport:transport-backend-cct:3.0.0] AndroidManifest.xml:33:17-94
132                android:value="cct" />
132-->[com.google.android.datatransport:transport-backend-cct:3.0.0] AndroidManifest.xml:34:17-36
133        </service>
134
135        <provider
135-->[com.google.firebase:firebase-common:20.0.0] AndroidManifest.xml:26:9-31:39
136            android:name="com.google.firebase.provider.FirebaseInitProvider"
136-->[com.google.firebase:firebase-common:20.0.0] AndroidManifest.xml:27:13-77
137            android:authorities="com.person_tournament.firebaseinitprovider"
137-->[com.google.firebase:firebase-common:20.0.0] AndroidManifest.xml:28:13-72
138            android:directBootAware="true"
138-->[com.google.firebase:firebase-common:20.0.0] AndroidManifest.xml:29:13-43
139            android:exported="false"
139-->[com.google.firebase:firebase-common:20.0.0] AndroidManifest.xml:30:13-37
140            android:initOrder="100" />
140-->[com.google.firebase:firebase-common:20.0.0] AndroidManifest.xml:31:13-36
141
142        <service
142-->[com.google.android.datatransport:transport-runtime:3.0.0] AndroidManifest.xml:26:9-30:19
143            android:name="com.google.android.datatransport.runtime.scheduling.jobscheduling.JobInfoSchedulerService"
143-->[com.google.android.datatransport:transport-runtime:3.0.0] AndroidManifest.xml:27:13-117
144            android:exported="false"
144-->[com.google.android.datatransport:transport-runtime:3.0.0] AndroidManifest.xml:28:13-37
145            android:permission="android.permission.BIND_JOB_SERVICE" >
145-->[com.google.android.datatransport:transport-runtime:3.0.0] AndroidManifest.xml:29:13-69
146        </service>
147
148        <receiver
148-->[com.google.android.datatransport:transport-runtime:3.0.0] AndroidManifest.xml:32:9-34:40
149            android:name="com.google.android.datatransport.runtime.scheduling.jobscheduling.AlarmManagerSchedulerBroadcastReceiver"
149-->[com.google.android.datatransport:transport-runtime:3.0.0] AndroidManifest.xml:33:13-132
150            android:exported="false" />
150-->[com.google.android.datatransport:transport-runtime:3.0.0] AndroidManifest.xml:34:13-37
151
152        <activity
152-->[com.google.android.gms:play-services-auth:20.0.1] AndroidManifest.xml:23:9-27:75
153            android:name="com.google.android.gms.auth.api.signin.internal.SignInHubActivity"
153-->[com.google.android.gms:play-services-auth:20.0.1] AndroidManifest.xml:24:13-93
154            android:excludeFromRecents="true"
154-->[com.google.android.gms:play-services-auth:20.0.1] AndroidManifest.xml:25:13-46
155            android:exported="false"
155-->[com.google.android.gms:play-services-auth:20.0.1] AndroidManifest.xml:26:13-37
156            android:theme="@android:style/Theme.Translucent.NoTitleBar" />
156-->[com.google.android.gms:play-services-auth:20.0.1] AndroidManifest.xml:27:13-72
157        <!--
158            Service handling Google Sign-In user revocation. For apps that do not integrate with
159            Google Sign-In, this service will never be started.
160        -->
161        <service
161-->[com.google.android.gms:play-services-auth:20.0.1] AndroidManifest.xml:33:9-37:51
162            android:name="com.google.android.gms.auth.api.signin.RevocationBoundService"
162-->[com.google.android.gms:play-services-auth:20.0.1] AndroidManifest.xml:34:13-89
163            android:exported="true"
163-->[com.google.android.gms:play-services-auth:20.0.1] AndroidManifest.xml:35:13-36
164            android:permission="com.google.android.gms.auth.api.signin.permission.REVOCATION_NOTIFICATION"
164-->[com.google.android.gms:play-services-auth:20.0.1] AndroidManifest.xml:36:13-107
165            android:visibleToInstantApps="true" />
165-->[com.google.android.gms:play-services-auth:20.0.1] AndroidManifest.xml:37:13-48
166
167        <activity
167-->[com.google.android.gms:play-services-base:18.0.1] AndroidManifest.xml:20:9-22:45
168            android:name="com.google.android.gms.common.api.GoogleApiActivity"
168-->[com.google.android.gms:play-services-base:18.0.1] AndroidManifest.xml:20:19-85
169            android:exported="false"
169-->[com.google.android.gms:play-services-base:18.0.1] AndroidManifest.xml:22:19-43
170            android:theme="@android:style/Theme.Translucent.NoTitleBar" />
170-->[com.google.android.gms:play-services-base:18.0.1] AndroidManifest.xml:21:19-78
171
172        <meta-data
172-->[com.google.android.gms:play-services-basement:18.0.0] AndroidManifest.xml:21:9-23:69
173            android:name="com.google.android.gms.version"
173-->[com.google.android.gms:play-services-basement:18.0.0] AndroidManifest.xml:22:13-58
174            android:value="@integer/google_play_services_version" />
174-->[com.google.android.gms:play-services-basement:18.0.0] AndroidManifest.xml:23:13-66
175    </application>
176
177</manifest>